C51 COMPILER V9.60.0.0   MAIN                                                              09/07/2022 17:07:42 PAGE 1   


C51 COMPILER V9.60.0.0, COMPILATION OF MODULE MAIN
OBJECT MODULE PLACED IN .\Objects\main.obj
COMPILER INVOKED BY: C:\Keil_v5\C51\BIN\C51.EXE main.c OPTIMIZE(8,SPEED) BROWSE DEBUG OBJECTEXTEND PRINT(.\Listings\main
                    -.lst) TABS(2) OBJECT(.\Objects\main.obj)

line level    source

   1          #include "main.h"
   2          #include "..\Library\Delay.h"
   3          
   4          #define LED_PORT P2   //Data cho led tu port 2
   5          sbit LEDH0_PIN = P3^0;  //Chan led gio 0
   6          sbit LEDH1_PIN = P3^1;  //Chan led gio 1
   7          sbit LEDM0_PIN = P3^2;  //Chan led phut 0
   8          sbit LEDM1_PIN = P3^3;  //Chan led phut 1
   9          sbit LEDS0_PIN = P3^4;  //Chan led giay 0
  10          sbit LEDS1_PIN = P3^5;  //Chan led giay 1
  11          
  12          unsigned char code Code7Seg[] = {0x3F, 0x06, 0x5B, 0x4F, 0x66, 0x6D, 0x7D, 0x07, 0x7F, 0x6F};
  13          
  14          void main()
  15          {
  16   1        unsigned char gio, phut, giay, chuc, donvi, i;
  17   1        gio = phut = giay = 0;
  18   1        while(1)
  19   1        {
  20   2          for(i = 0; i<1; i++)
  21   2          {
  22   3            //Hien gio
  23   3            chuc = gio/10;
  24   3            donvi = gio%10;
  25   3            LED_PORT = Code7Seg[chuc];
  26   3            LEDH0_PIN = 0;
  27   3            Delay_ms(1);
  28   3            LEDH0_PIN = 1;
  29   3      
  30   3            LED_PORT = Code7Seg[donvi];
  31   3            LEDH1_PIN = 0;
  32   3            Delay_ms(1);
  33   3            LEDH1_PIN = 1;
  34   3      
  35   3                //Hien phut
  36   3            chuc = phut/10;
  37   3            donvi = phut%10;
  38   3            LED_PORT = Code7Seg[chuc];
  39   3            LEDM0_PIN = 0;
  40   3            Delay_ms(1);
  41   3            LEDM0_PIN = 1;
  42   3      
  43   3            LED_PORT = Code7Seg[donvi];
  44   3            LEDM1_PIN = 0;
  45   3            Delay_ms(1);
  46   3            LEDM1_PIN = 1;
  47   3      
  48   3                //Hien giay
  49   3            chuc = giay/10;
  50   3            donvi = giay%10;
  51   3            LED_PORT = Code7Seg[chuc];
  52   3            LEDS0_PIN = 0;
  53   3            Delay_ms(1);
  54   3            LEDS0_PIN = 1;
C51 COMPILER V9.60.0.0   MAIN                                                              09/07/2022 17:07:42 PAGE 2   

  55   3      
  56   3            LED_PORT = Code7Seg[donvi];
  57   3            LEDS1_PIN = 0;
  58   3            Delay_ms(1);
  59   3            LEDS1_PIN = 1;
  60   3          }
  61   2          //Tang 1s
  62   2          giay++;
  63   2          if(giay==60)
  64   2          {
  65   3            giay = 0;
  66   3            phut++;
  67   3            if(phut==60)
  68   3            {
  69   4              phut = 0;
  70   4              gio++;
  71   4              if(gio==24)
  72   4                gio = 0;
  73   4            }
  74   3          }
  75   2        }
  76   1      }
  77          
  78          
  79          
  80          
  81          
  82          
  83          
  84          
  85          
  86          
  87          
  88          
  89          


MODULE INFORMATION:   STATIC OVERLAYABLE
   CODE SIZE        =    236    ----
   CONSTANT SIZE    =     10    ----
   XDATA SIZE       =   ----    ----
   PDATA SIZE       =   ----    ----
   DATA SIZE        =   ----       6
   IDATA SIZE       =   ----    ----
   BIT SIZE         =   ----    ----
END OF MODULE INFORMATION.


C51 COMPILATION COMPLETE.  0 WARNING(S),  0 ERROR(S)
