C51 COMPILER V9.60.0.0   MAIN                                                              09/26/2022 21:38:07 PAGE 1   


C51 COMPILER V9.60.0.0, COMPILATION OF MODULE MAIN
OBJECT MODULE PLACED IN .\Objects\main.obj
COMPILER INVOKED BY: C:\Keil_v5\C51\BIN\C51.EXE main.c OPTIMIZE(8,SPEED) BROWSE DEBUG OBJECTEXTEND PRINT(.\Listings\main
                    -.lst) TABS(2) OBJECT(.\Objects\main.obj)

line level    source

   1          #include "main.h"
   2          #include "..\Library\Delay.h"
   3          
   4          unsigned char code Code7Seg[] = {0x3F, 0x06, 0x5B, 0x4F, 0x66, 0x6D, 0x7D, 0x07, 0x7F, 0x6F};
   5          //unsigned char code Code7Seg[] = {0xC0, 0xF9, 0xA4, 0xB0, 0x99, 0x92, 0x82, 0xF8, 0x80, 0x90};
   6          #define LED_PORT P3
   7          sbit LED0_PIN = P2^0;
   8          sbit LED1_PIN = P2^1;
   9          void main()
  10          {
  11   1        unsigned char dem;
  12   1        unsigned char chuc, donvi;
  13   1        unsigned int i;
  14   1        while(1)
  15   1        {
  16   2          for(dem = 0; dem < 60; dem++)
  17   2          {
  18   3            chuc = dem/10;
  19   3            donvi = dem%10;
  20   3          
  21   3          for(i=0; i<500;i++)
  22   3            {
  23   4              LED_PORT = Code7Seg[chuc];
  24   4              LED0_PIN = 0;
  25   4              Delay_ms(10);
  26   4              LED0_PIN = 1;
  27   4              LED_PORT = Code7Seg[donvi];
  28   4              LED1_PIN = 0;
  29   4              Delay_ms(10);
  30   4              LED1_PIN = 1;
  31   4      //    LED0_PIN = 1;
  32   4      //    for(i=0;i<=9;i++)
  33   4      //    {
  34   4      //    LED_PORT = Code7Seg[i];
  35   4      //    Delay_ms(1000);
  36   4            }
  37   3          }
  38   2        }
  39   1      }
  40          


MODULE INFORMATION:   STATIC OVERLAYABLE
   CODE SIZE        =     95    ----
   CONSTANT SIZE    =     10    ----
   XDATA SIZE       =   ----    ----
   PDATA SIZE       =   ----    ----
   DATA SIZE        =   ----       5
   IDATA SIZE       =   ----    ----
   BIT SIZE         =   ----    ----
END OF MODULE INFORMATION.


C51 COMPILATION COMPLETE.  0 WARNING(S),  0 ERROR(S)
