C51 COMPILER V9.60.0.0   MAIN                                                              09/09/2022 20:29:11 PAGE 1   


C51 COMPILER V9.60.0.0, COMPILATION OF MODULE MAIN
OBJECT MODULE PLACED IN .\Objects\main.obj
COMPILER INVOKED BY: C:\Keil_v5\C51\BIN\C51.EXE main.c OPTIMIZE(8,SPEED) BROWSE DEBUG OBJECTEXTEND PRINT(.\Listings\main
                    -.lst) TABS(2) OBJECT(.\Objects\main.obj)

line level    source

   1          #include "main.h"
   2          #include "port.h"
   3          #include "..\Library\UART mode 0 mo rong ngo ra dung IC 74595.h"
   4          #include "..\Library\Delay.h"
   5          
   6          void main()
   7          {
   8   1        UART0_INIT();
   9   1        while(1)
  10   1        {
  11   2          UART0_Write(0xAF);
  12   2          Delay_ms(1000);
  13   2          UART0_Write(0x50);
  14   2          Delay_ms(1000);
  15   2        }
  16   1        
  17   1      }


MODULE INFORMATION:   STATIC OVERLAYABLE
   CODE SIZE        =     29    ----
   CONSTANT SIZE    =   ----    ----
   XDATA SIZE       =   ----    ----
   PDATA SIZE       =   ----    ----
   DATA SIZE        =   ----    ----
   IDATA SIZE       =   ----    ----
   BIT SIZE         =   ----    ----
END OF MODULE INFORMATION.


C51 COMPILATION COMPLETE.  0 WARNING(S),  0 ERROR(S)
