C51 COMPILER V9.60.0.0   3X4_KEYPAD                                                        09/08/2022 21:00:35 PAGE 1   


C51 COMPILER V9.60.0.0, COMPILATION OF MODULE 3X4_KEYPAD
OBJECT MODULE PLACED IN .\Objects\3x4 keypad.obj
COMPILER INVOKED BY: C:\Keil_v5\C51\BIN\C51.EXE ..\Library\3x4 keypad.c OPTIMIZE(8,SPEED) BROWSE DEBUG OBJECTEXTEND PRIN
                    -T(.\Listings\3x4 keypad.lst) TABS(2) OBJECT(.\Objects\3x4 keypad.obj)

line level    source

   1          #include "main.h"
   2          #include "3x4 keypad.h"
   3          #include "port.h"
   4          /*
   5          Can tao file header port.h de khai bao ket noi phan cung
   6          VD:
   7          
   8          #ifndef _PORT_H_
   9          #define _PORT_H_
  10          
  11          sbit Keypad_Row_A = P1^0;
  12          sbit Keypad_Row_B = P1^1;
  13          sbit Keypad_Row_C = P1^2;
  14          sbit Keypad_Row_D = P1^3;
  15          sbit Keypad_Col_1 = P1^4;
  16          sbit Keypad_Col_2 = P1^5;
  17          sbit Keypad_Col_3 = P1^6;
  18          
  19          
  20          #endif
  21          
  22          */
  23          
  24          
  25          char Keypad_Value[4][3] = {'1', '2', '3',
  26                                     '4', '5', '6',
  27                                     '7', '8', '9',
  28                                     '*', '0', '#'};
  29          #define No_Key_Pressed 0x00
  30                                     
  31          void Set_All()
  32          {
  33   1        Keypad_Col_1 = 1;
  34   1        Keypad_Col_2 = 1;
  35   1        Keypad_Col_3 = 1;
  36   1        Keypad_Row_A = 1;
  37   1        Keypad_Row_B = 1;
  38   1        Keypad_Row_C = 1;
  39   1        Keypad_Row_D = 1;
  40   1      }
  41          
  42          char Check_Keypad()
  43          {
  44   1        char Keypad_Return = No_Key_Pressed;
  45   1        Set_All();
  46   1        
  47   1        Keypad_Row_A = 0;
  48   1        if (Keypad_Col_1 == 0)
  49   1          Keypad_Return = Keypad_Value[0][0];
  50   1        if (Keypad_Col_2 == 0)
  51   1          Keypad_Return = Keypad_Value[0][1];
  52   1        if (Keypad_Col_3 == 0)
  53   1          Keypad_Return = Keypad_Value[0][2];
  54   1        Keypad_Row_A = 1;
C51 COMPILER V9.60.0.0   3X4_KEYPAD                                                        09/08/2022 21:00:35 PAGE 2   

  55   1        
  56   1        Keypad_Row_B = 0;
  57   1        if (Keypad_Col_1 == 0)
  58   1          Keypad_Return = Keypad_Value[1][0];
  59   1        if (Keypad_Col_2 == 0)
  60   1          Keypad_Return = Keypad_Value[1][1];
  61   1        if (Keypad_Col_3 == 0)
  62   1          Keypad_Return = Keypad_Value[1][2];
  63   1        Keypad_Row_B = 1;
  64   1        
  65   1        Keypad_Row_C = 0;
  66   1        if (Keypad_Col_1 == 0)
  67   1          Keypad_Return = Keypad_Value[2][0];
  68   1        if (Keypad_Col_2 == 0)
  69   1          Keypad_Return = Keypad_Value[2][1];
  70   1        if (Keypad_Col_3 == 0)
  71   1          Keypad_Return = Keypad_Value[2][2];
  72   1        Keypad_Row_C = 1;
  73   1        
  74   1        Keypad_Row_D = 0;
  75   1        if (Keypad_Col_1 == 0)
  76   1          Keypad_Return = Keypad_Value[3][0];
  77   1        if (Keypad_Col_2 == 0)
  78   1          Keypad_Return = Keypad_Value[3][1];
  79   1        if (Keypad_Col_3 == 0)
  80   1          Keypad_Return = Keypad_Value[3][2];
  81   1        Keypad_Row_D = 1;
  82   1      
  83   1        return Keypad_Return;
  84   1      }
  85          
  86          
  87          
  88          
  89          
  90          
  91          
  92          
  93          


MODULE INFORMATION:   STATIC OVERLAYABLE
   CODE SIZE        =     97    ----
   CONSTANT SIZE    =   ----    ----
   XDATA SIZE       =   ----    ----
   PDATA SIZE       =   ----    ----
   DATA SIZE        =     12    ----
   IDATA SIZE       =   ----    ----
   BIT SIZE         =   ----    ----
END OF MODULE INFORMATION.


C51 COMPILATION COMPLETE.  0 WARNING(S),  0 ERROR(S)
