C51 COMPILER V9.60.0.0   MAIN                                                              09/08/2022 21:24:58 PAGE 1   


C51 COMPILER V9.60.0.0, COMPILATION OF MODULE MAIN
OBJECT MODULE PLACED IN .\Objects\main.obj
COMPILER INVOKED BY: C:\Keil_v5\C51\BIN\C51.EXE main.c OPTIMIZE(8,SPEED) BROWSE DEBUG OBJECTEXTEND PRINT(.\Listings\main
                    -.lst) TABS(2) OBJECT(.\Objects\main.obj)

line level    source

   1          #include "main.h"
   2          #include "..\Library\LCD 16x2.h"
   3          #include "..\Library\4x4 keypad.h"
   4          #include "..\Library\Delay.h"
   5          
   6          void main()
   7          {
   8   1        char Keypad, Keypad_Check;
   9   1        LCD_INIT();
  10   1        LCD_OUT_SL(0,2,"KEY PRESSED:");
  11   1        LCD_SL(1,0);
  12   1        while(1)
  13   1        {
  14   2          Keypad = Check_Keypad();
  15   2          if(Keypad != 0x00)
  16   2          { 
  17   3            Delay_ms(30);
  18   3            Keypad_Check = Check_Keypad();
  19   3            if(Keypad == Keypad_Check)
  20   3            {
  21   4              LCD_CHAR_CL(Keypad);
  22   4              Delay_ms(200);
  23   4            }
  24   3          }
  25   2          
  26   2          if(Keypad == ON_C)
  27   2          {
  28   3            LCD_CMD(LCD_CLEAR);
  29   3            LCD_OUT_SL(0,2,"KEY PRESSED:");
  30   3            LCD_SL(1,0);
  31   3          }
  32   2        }
  33   1      }


MODULE INFORMATION:   STATIC OVERLAYABLE
   CODE SIZE        =    101    ----
   CONSTANT SIZE    =     13    ----
   XDATA SIZE       =   ----    ----
   PDATA SIZE       =   ----    ----
   DATA SIZE        =   ----       1
   IDATA SIZE       =   ----    ----
   BIT SIZE         =   ----    ----
END OF MODULE INFORMATION.


C51 COMPILATION COMPLETE.  0 WARNING(S),  0 ERROR(S)
