C51 COMPILER V9.60.0.0   DHT11                                                             10/12/2022 11:02:52 PAGE 1   


C51 COMPILER V9.60.0.0, COMPILATION OF MODULE DHT11
OBJECT MODULE PLACED IN .\Objects\DHT11.obj
COMPILER INVOKED BY: C:\Keil_v5\C51\BIN\C51.EXE ..\Library\DHT11.c OPTIMIZE(8,SPEED) BROWSE DEBUG OBJECTEXTEND PRINT(.\L
                    -istings\DHT11.lst) TABS(2) OBJECT(.\Objects\DHT11.obj)

line level    source

   1          #include "main.h"
   2          #include "port.h"
   3          #include "DHT11.h"
   4          #include "Delay.h"
   5          
   6          void Request()
   7          {
   8   1        DHT11_Pin = 0;
   9   1        Delay_ms(20);
  10   1        DHT11_Pin = 1;
  11   1      }
  12          
  13          void Response()
  14          {
  15   1        while(DHT11_Pin == 1);
  16   1        while(DHT11_Pin == 0);
  17   1        while(DHT11_Pin == 1);
  18   1      }
  19          
  20          int DHT11_Data()
  21          {
  22   1        int q,c = 0;
  23   1        for(q=0;q<8;q++)
  24   1        {
  25   2          while(DHT11_Pin == 0);
  26   2          Delay_ms(1);
  27   2          if(DHT11_Pin == 1)
  28   2            c = (c<<1)|1;
  29   2          else
  30   2            c = (c<<1);
  31   2          while(DHT11_Pin == 1);
  32   2        }
  33   1        return c;
  34   1      }
  35          
  36          
  37          
  38          
  39          
  40          
  41          
  42          
  43          
  44          
  45          
  46          
  47          
  48          
  49          
  50          
  51          
  52          
  53          
  54          
C51 COMPILER V9.60.0.0   DHT11                                                             10/12/2022 11:02:52 PAGE 2   

  55          


MODULE INFORMATION:   STATIC OVERLAYABLE
   CODE SIZE        =     95    ----
   CONSTANT SIZE    =   ----    ----
   XDATA SIZE       =   ----    ----
   PDATA SIZE       =   ----    ----
   DATA SIZE        =   ----       4
   IDATA SIZE       =   ----    ----
   BIT SIZE         =   ----    ----
END OF MODULE INFORMATION.


C51 COMPILATION COMPLETE.  0 WARNING(S),  0 ERROR(S)
