C51 COMPILER V9.60.0.0   MAIN                                                              10/12/2022 11:02:51 PAGE 1   


C51 COMPILER V9.60.0.0, COMPILATION OF MODULE MAIN
OBJECT MODULE PLACED IN .\Objects\main.obj
COMPILER INVOKED BY: C:\Keil_v5\C51\BIN\C51.EXE main.c OPTIMIZE(8,SPEED) BROWSE DEBUG OBJECTEXTEND PRINT(.\Listings\main
                    -.lst) TABS(2) OBJECT(.\Objects\main.obj)

line level    source

   1          #include "main.h"
   2          #include "..\Library\LCD4.h"
   3          #include "..\Library\Delay.h"
   4          #include "..\Library\DHT11.h"
   5          
   6          int I_RH,D_RH,I_Temp,D_Temp,CheckSum; 
   7          
   8          void main()
   9          {
  10   1        unsigned char Data[20];
  11   1        Lcd_Init();
  12   1        while(1)
  13   1        {
  14   2          Request();
  15   2          Response();
  16   2          
  17   2          I_RH = DHT11_Data();
  18   2          D_RH = DHT11_Data();
  19   2          I_Temp = DHT11_Data();
  20   2          D_Temp = DHT11_Data();
  21   2          CheckSum = DHT11_Data();
  22   2          
  23   2          if ((I_RH + D_RH + I_Temp + D_Temp) != CheckSum)
  24   2          {
  25   3            Lcd_Out(0,0,"Error");
  26   3          }
  27   2          else
  28   2          {
  29   3            sprintf(Data,"Hum = %d.%d",I_RH,D_RH);
  30   3            Lcd_Out(0,0,Data);
  31   3            sprintf(Data,"Tem = %d.%d",I_Temp,D_Temp);   
  32   3            Lcd_Out(1,0,Data);
  33   3            Lcd_Chr_Cp(0xDF);
  34   3            Lcd_Chr_Cp('C');
  35   3            memset(Data,0,20);
  36   3            sprintf(Data,"%d   ",CheckSum);
  37   3            Lcd_Out(1,13,Data);
  38   3          }   
  39   2          Delay_ms(500);
  40   2        }
  41   1      }
  42          
  43          
  44          
  45          
  46          
  47          
  48          
  49          
  50          


MODULE INFORMATION:   STATIC OVERLAYABLE
   CODE SIZE        =    249    ----
C51 COMPILER V9.60.0.0   MAIN                                                              10/12/2022 11:02:51 PAGE 2   

   CONSTANT SIZE    =     36    ----
   XDATA SIZE       =   ----    ----
   PDATA SIZE       =   ----    ----
   DATA SIZE        =     10      20
   IDATA SIZE       =   ----    ----
   BIT SIZE         =   ----    ----
END OF MODULE INFORMATION.


C51 COMPILATION COMPLETE.  0 WARNING(S),  0 ERROR(S)
