C51 COMPILER V9.60.0.0   MAIN                                                              09/10/2022 01:24:49 PAGE 1   


C51 COMPILER V9.60.0.0, COMPILATION OF MODULE MAIN
OBJECT MODULE PLACED IN .\Objects\main.obj
COMPILER INVOKED BY: C:\Keil_v5\C51\BIN\C51.EXE main.c OPTIMIZE(8,SPEED) BROWSE DEBUG OBJECTEXTEND PRINT(.\Listings\main
                    -.lst) TABS(2) OBJECT(.\Objects\main.obj)

line level    source

   1          #include "main.h"
   2          #include "port.h"
   3          #include "..\Library\UART mode 1.h"
   4          #include "..\Library\LCD 16x2.h"
   5          #include "..\Library\Delay.h"
   6          
   7          /*
   8          Day la vdk nhan UART mode 1 (U2)
   9          Co su dung LCD 16x2 hien thi xem nut nao da duoc bam ben U1
  10          */
  11          
  12          void main()
  13          {
  14   1        UART1_INIT(2400); //Cai dat UART mode 1, baudrate 2400
  15   1        LCD_INIT();
  16   1        while(1)
  17   1        {
  18   2          if(UART1_Read() == "Nut 0")
  19   2          {
  20   3            LCD_CMD(LCD_CLEAR);
  21   3            LCD_OUT_SL(0,5,"THONG BAO:");
  22   3            LCD_OUT_SL(1,3,"Nut 0 da duoc bam");
  23   3          }
  24   2          if(UART1_Read() == "Nut 1")
  25   2          {
  26   3            LCD_CMD(LCD_CLEAR);
  27   3            LCD_OUT_SL(0,5,"THONG BAO:");
  28   3            LCD_OUT_SL(1,3,"Nut 1 da duoc bam");
  29   3          }
  30   2          if(UART1_Read() == "Nut 2")
  31   2          {
  32   3            LCD_CMD(LCD_CLEAR);
  33   3            LCD_OUT_SL(0,5,"THONG BAO:");
  34   3            LCD_OUT_SL(1,3,"Nut 2 da duoc bam");
  35   3          }
  36   2        }
  37   1      }
  38          


MODULE INFORMATION:   STATIC OVERLAYABLE
   CODE SIZE        =    160    ----
   CONSTANT SIZE    =     83    ----
   XDATA SIZE       =   ----    ----
   PDATA SIZE       =   ----    ----
   DATA SIZE        =   ----    ----
   IDATA SIZE       =   ----    ----
   BIT SIZE         =   ----    ----
END OF MODULE INFORMATION.


C51 COMPILATION COMPLETE.  0 WARNING(S),  0 ERROR(S)
