C51 COMPILER V9.60.0.0   MAIN                                                              09/10/2022 05:24:07 PAGE 1   


C51 COMPILER V9.60.0.0, COMPILATION OF MODULE MAIN
OBJECT MODULE PLACED IN .\Objects\main.obj
COMPILER INVOKED BY: C:\Keil_v5\C51\BIN\C51.EXE main.c OPTIMIZE(8,SPEED) BROWSE DEBUG OBJECTEXTEND PRINT(.\Listings\main
                    -.lst) TABS(2) OBJECT(.\Objects\main.obj)

line level    source

   1          #include "main.h"
   2          #include "port.h"
   3          #include "..\Library\UART mode 1.h"
   4          #include "..\Library\Delay.h"
   5          
   6          /*
   7          Day la vdk truyen UART mode 1 (U1)
   8          Co su dung che do tiet kiem nang luong, chi khi nao co nut bam, xay ra interrupt
   9          moi thuc hien chuong trinh, sau khi thuc hien quay lai che do sleep
  10          */
  11          
  12          void main()
  13          {
  14   1        //Ngat ngoai 1
  15   1        IT1 = 1;
  16   1        EX1 = 1;
  17   1        EA  = 1;
  18   1        
  19   1        UART1_INIT(19200);  //Cai dat UART mode 1, baudrate 2400
  20   1        while(1)
  21   1        {
  22   2          PCON = PCON | 0x01;
  23   2        }
  24   1      }
  25          
  26          void EX1_INTR(void) interrupt 2
  27          {
  28   1        Delay_ms(20);   //Chong nhieu phim
  29   1        if(But0 == 0)
  30   1        {
  31   2          UART1_Char(0x70);
  32   2          while(!But0); //Cho nha nut bam
  33   2        }
  34   1        if(But1 == 0)
  35   1        {
  36   2          UART1_Char(0x71);
  37   2          while(!But1); //Cho nha nut bam
  38   2        }
  39   1        if(But2 == 0)
  40   1        {
  41   2          UART1_Char(0x72);
  42   2          while(!But2); //Cho nha nut bam
  43   2        }
  44   1      }


MODULE INFORMATION:   STATIC OVERLAYABLE
   CODE SIZE        =    114    ----
   CONSTANT SIZE    =   ----    ----
   XDATA SIZE       =   ----    ----
   PDATA SIZE       =   ----    ----
   DATA SIZE        =   ----    ----
   IDATA SIZE       =   ----    ----
   BIT SIZE         =   ----    ----
C51 COMPILER V9.60.0.0   MAIN                                                              09/10/2022 05:24:07 PAGE 2   

END OF MODULE INFORMATION.


C51 COMPILATION COMPLETE.  0 WARNING(S),  0 ERROR(S)
