C51 COMPILER V9.60.0.0   MAIN                                                              09/10/2022 05:34:04 PAGE 1   


C51 COMPILER V9.60.0.0, COMPILATION OF MODULE MAIN
OBJECT MODULE PLACED IN .\Objects\main.obj
COMPILER INVOKED BY: C:\Keil_v5\C51\BIN\C51.EXE main.c OPTIMIZE(8,SPEED) BROWSE DEBUG OBJECTEXTEND PRINT(.\Listings\main
                    -.lst) TABS(2) OBJECT(.\Objects\main.obj)

line level    source

   1          #include "main.h"
   2          #include "port.h"
   3          #include "stdio.h"
   4          #include "..\Library\UART mode 1.h"
   5          #include "..\Library\LCD 16x2.h"
   6          #include "..\Library\Delay.h"
   7          
   8          /*
   9          Day la vdk nhan UART mode 1 (U2)
  10          Co su dung LCD 16x2 hien thi xem nut nao da duoc bam ben U1
  11          */
  12          
  13          void main()
  14          {
  15   1        LCD_INIT();
  16   1        UART1_INIT(19200);  //Cai dat UART mode 1, baudrate 2400
  17   1        LCD_OUT_SL(0,3,"THONG BAO:");
  18   1        while(1)
  19   1        {
  20   2          LCD_OUT_SL(1,0,"RD");
  21   2          if(RI==1)
  22   2          {
  23   3            LCD_OUT_SL(1,2,"RD");
  24   3            if(UART1_Read()==0x0E)
  25   3              LCD_OUT_SL(1,5,"Nut 0");
  26   3          }
  27   2        }
  28   1      }
  29          


MODULE INFORMATION:   STATIC OVERLAYABLE
   CODE SIZE        =     81    ----
   CONSTANT SIZE    =     20    ----
   XDATA SIZE       =   ----    ----
   PDATA SIZE       =   ----    ----
   DATA SIZE        =   ----    ----
   IDATA SIZE       =   ----    ----
   BIT SIZE         =   ----    ----
END OF MODULE INFORMATION.


C51 COMPILATION COMPLETE.  0 WARNING(S),  0 ERROR(S)
