C51 COMPILER V9.60.0.0   MAIN                                                              09/10/2022 06:05:30 PAGE 1   


C51 COMPILER V9.60.0.0, COMPILATION OF MODULE MAIN
OBJECT MODULE PLACED IN .\Objects\main.obj
COMPILER INVOKED BY: C:\Keil_v5\C51\BIN\C51.EXE main.c OPTIMIZE(8,SPEED) BROWSE DEBUG OBJECTEXTEND PRINT(.\Listings\main
                    -.lst) TABS(2) OBJECT(.\Objects\main.obj)

line level    source

   1          #include "main.h"
   2          #include "..\Library\Delay.h"
   3          #include "..\Library\74595.h"
   4          
   5          //common anode 7 segment led code
   6          unsigned char code Code7Seg[] = {0xC0, 0xF9, 0xA4, 0xB0, 0x99, 0x92, 0x82, 0xF8, 0x80, 0x90, 0x88, 0x83, 0
             -xC6, 0xA1, 0x86, 0x8E};
   7          
   8          
   9          void main()
  10          {
  11   1        unsigned char i,j;
  12   1        unsigned char buffer[4];
  13   1        while(1)
  14   1        {
  15   2          for(i=0;i<4;i++)
  16   2          {
  17   3            for(j=0;j<4;j++)
  18   3            {
  19   4              buffer[j]=Code7Seg[i*4+j];
  20   4            }
  21   3            Xuat_Byte(buffer,4);
  22   3            Delay_ms(1000);
  23   3          }
  24   2        }
  25   1      }


MODULE INFORMATION:   STATIC OVERLAYABLE
   CODE SIZE        =     86    ----
   CONSTANT SIZE    =     16    ----
   XDATA SIZE       =   ----    ----
   PDATA SIZE       =   ----    ----
   DATA SIZE        =   ----       5
   IDATA SIZE       =   ----    ----
   BIT SIZE         =   ----    ----
END OF MODULE INFORMATION.


C51 COMPILATION COMPLETE.  0 WARNING(S),  0 ERROR(S)
