C51 COMPILER V9.60.0.0   MAIN                                                              09/08/2022 21:59:14 PAGE 1   


C51 COMPILER V9.60.0.0, COMPILATION OF MODULE MAIN
OBJECT MODULE PLACED IN .\Objects\main.obj
COMPILER INVOKED BY: C:\Keil_v5\C51\BIN\C51.EXE main.c OPTIMIZE(8,SPEED) BROWSE DEBUG OBJECTEXTEND PRINT(.\Listings\main
                    -.lst) TABS(2) OBJECT(.\Objects\main.obj)

line level    source

   1          #include "main.h"
   2          #include "..\Library\LCD 16x2.h"
   3          #include "..\Library\3x4 keypad.h"
   4          #include "..\Library\Delay.h"
   5          
   6          void main()
   7          {
   8   1        char Keypad, Keypad_Check;
   9   1        LCD_INIT();
  10   1        LCD_OUT_SL(0,2,"KEY PRESSED:");
  11   1        LCD_SL(1,0);
  12   1        while(1)
  13   1        {
  14   2          Keypad = Check_Keypad();
  15   2          if(Keypad != No_Key_Pressed)
  16   2          {
  17   3            Delay_ms(30);
  18   3            Keypad_Check = Check_Keypad();
  19   3            if(Keypad == Keypad_Check)
  20   3            {
  21   4              if(Keypad == '#')
  22   4              {
  23   5                LCD_CHAR_CL(Keypad);
  24   5                Delay_ms(200);
  25   5                Keypad_Check = Check_Keypad();
  26   5                if(Keypad == Keypad_Check)
  27   5                {
  28   6                  Delay_ms(300);
  29   6                  Keypad_Check = Check_Keypad();
  30   6                  if(Keypad == Keypad_Check)
  31   6                  {
  32   7                    Delay_ms(300);
  33   7                    Keypad_Check = Check_Keypad();
  34   7                    if(Keypad == Keypad_Check)
  35   7                    {
  36   8                      Delay_ms(300);
  37   8                      Keypad_Check = Check_Keypad();
  38   8                      if(Keypad == Keypad_Check)
  39   8                      {
  40   9                      LCD_CMD(LCD_CLEAR);
  41   9                      Delay_ms(500);
  42   9                      LCD_OUT_SL(0,2,"PHONE NUMBER:");
  43   9                      LCD_SL(1,0);
  44   9                      }
  45   8                    }
  46   7                  }
  47   6                }
  48   5              }
  49   4              else if(Keypad == '*')
  50   4              {
  51   5                LCD_CHAR_CL(Keypad);
  52   5                Delay_ms(200);
  53   5                Keypad_Check = Check_Keypad();
  54   5                if(Keypad == Keypad_Check)
C51 COMPILER V9.60.0.0   MAIN                                                              09/08/2022 21:59:14 PAGE 2   

  55   5                {
  56   6                  Delay_ms(300);
  57   6                  Keypad_Check = Check_Keypad();
  58   6                  if(Keypad == Keypad_Check)
  59   6                  {
  60   7                    Delay_ms(300);
  61   7                    Keypad_Check = Check_Keypad();
  62   7                    if(Keypad == Keypad_Check)
  63   7                    {
  64   8                      Delay_ms(300);
  65   8                      Keypad_Check = Check_Keypad();
  66   8                      if(Keypad == Keypad_Check)
  67   8                      {
  68   9                      LCD_CMD(LCD_CLEAR);
  69   9                      LCD_OUT_SL(0,3,"CALLING...");
  70   9                      Delay_ms(1000);
  71   9                      LCD_OUT_SL(1,0,"HOLD # TO CANCEL");
  72   9                      }
  73   8                    }
  74   7                  }
  75   6                }
  76   5              }
  77   4              else
  78   4              {
  79   5              LCD_CHAR_CL(Keypad);
  80   5              Delay_ms(200);
  81   5              }
  82   4            }
  83   3          }
  84   2        }
  85   1      }


MODULE INFORMATION:   STATIC OVERLAYABLE
   CODE SIZE        =    307    ----
   CONSTANT SIZE    =     55    ----
   XDATA SIZE       =   ----    ----
   PDATA SIZE       =   ----    ----
   DATA SIZE        =   ----       2
   IDATA SIZE       =   ----    ----
   BIT SIZE         =   ----    ----
END OF MODULE INFORMATION.


C51 COMPILATION COMPLETE.  0 WARNING(S),  0 ERROR(S)
