C51 COMPILER V9.60.0.0   74595                                                             09/10/2022 06:16:05 PAGE 1   


C51 COMPILER V9.60.0.0, COMPILATION OF MODULE 74595
OBJECT MODULE PLACED IN .\Objects\74595.obj
COMPILER INVOKED BY: C:\Keil_v5\C51\BIN\C51.EXE ..\Library\74595.c OPTIMIZE(8,SPEED) BROWSE DEBUG OBJECTEXTEND PRINT(.\L
                    -istings\74595.lst) TABS(2) OBJECT(.\Objects\74595.obj)

line level    source

   1          //Mo rong ngo ra dung IC 74HC595
   2          //Can them file thu vien vao main.c
   3          //#include "port.h"
   4          //#include "74595.h"
   5          
   6          #include "main.h"
   7          #include "74595.h"
   8          #include "port.h"
   9          /*LUU Y: Tao file header port.h tuong tu theo vi du sau:
  10          
  11          #ifndef _PORT_H_
  12          #define _PORT_H_
  13          
  14          sbit IC74HC595_SH_CP = P2^0;
  15          sbit IC74HC595_DS    = P2^1;
  16          sbit IC74HC595_ST_CP = P2^2;
  17          
  18          #endif
  19          
  20          */
  21          
  22          void Xuat_Byte(unsigned char *p, unsigned char So_Byte)
  23          //                Con tro p    ,  So byte muon truyen
  24          {
  25   1        unsigned char Data_Byte, iii, jjj ;
  26   1        for(iii=0;iii<So_Byte;iii++)
  27   1        {
  28   2          Data_Byte = *(p+(So_Byte-iii)-1); //Lay byte cao nhat truoc
  29   2          for(jjj=0;jjj<8;jjj++)
  30   2          {
  31   3            IC74HC595_DS = Data_Byte & (0x80>>jjj);
  32   3            IC74HC595_SH_CP = 0;
  33   3            IC74HC595_SH_CP = 1;
  34   3          }
  35   2        }
  36   1        IC74HC595_ST_CP = 0;
  37   1        IC74HC595_ST_CP = 1;
  38   1      }
  39              //VD su dung de xuat 0x55AA tu byte co chi so cao nhat (luu tren dinh stack cua mang)
  40              //buffer[0] = 0xAA; //Byte 
  41              //buffer[1] = 0x55;
  42              //Xuat_Byte(buffer,2);


MODULE INFORMATION:   STATIC OVERLAYABLE
   CODE SIZE        =    101    ----
   CONSTANT SIZE    =   ----    ----
   XDATA SIZE       =   ----    ----
   PDATA SIZE       =   ----    ----
   DATA SIZE        =   ----       5
   IDATA SIZE       =   ----    ----
   BIT SIZE         =   ----    ----
END OF MODULE INFORMATION.


C51 COMPILATION COMPLETE.  0 WARNING(S),  0 ERROR(S)
