C51 COMPILER V9.60.0.0   MAIN                                                              09/10/2022 06:16:05 PAGE 1   


C51 COMPILER V9.60.0.0, COMPILATION OF MODULE MAIN
OBJECT MODULE PLACED IN .\Objects\main.obj
COMPILER INVOKED BY: C:\Keil_v5\C51\BIN\C51.EXE main.c OPTIMIZE(8,SPEED) BROWSE DEBUG OBJECTEXTEND PRINT(.\Listings\main
                    -.lst) TABS(2) OBJECT(.\Objects\main.obj)

line level    source

   1          #include "main.h"
   2          #include "..\Library\Delay.h"
   3          #include "..\Library\74595.h"
   4          
   5          unsigned char code Font5x7[][7]={0x0E, 0x11, 0x13, 0x15, 0x19, 0x11, 0x0E,    // 0
   6                                           0x0E, 0x04, 0x04, 0x04, 0x04, 0x0C, 0x04,    // 1
   7                                           0x1F, 0x10, 0x08, 0x04, 0x02, 0x11, 0x0E,    // 2
   8                                           0x0E, 0x11, 0x01, 0x06, 0x01, 0x11, 0x0E,    // 3
   9                                           0x02, 0x02, 0x1F, 0x12, 0x0A, 0x06, 0x02,    // 4
  10                                           0x0E, 0x11, 0x01, 0x1E, 0x10, 0x10, 0x1F,    // 5
  11                                           0x0E, 0x11, 0x11, 0x1E, 0x10, 0x11, 0x0E,    // 6
  12                                           0x04, 0x04, 0x04, 0x02, 0x02, 0x01, 0x1F,    // 7
  13                                           0x0E, 0x11, 0x11, 0x0E, 0x11, 0x11, 0x0E,    // 8
  14                                           0x0E, 0x11, 0x01, 0x0F, 0x11, 0x11, 0x0E,    // 9
  15                                           0x11, 0x11, 0x11, 0x1F, 0x11, 0x11, 0x0E,    // A
  16                                           0x1E, 0x11, 0x11, 0x1E, 0x11, 0x11, 0x1E,    // B
  17                                           0x0E, 0x11, 0x10, 0x10, 0x10, 0x11, 0x0E,    // C
  18                                           0x1C, 0x12, 0x11, 0x11, 0x11, 0x12, 0x1C,    // D
  19                                           0x0F, 0x10, 0x10, 0x1E, 0x10, 0x10, 0x0F,    // E
  20                                           0x10, 0x10, 0x10, 0x1E, 0x10, 0x10, 0x0F};   // F
  21                                          
  22          unsigned char code Col_Select[]={0xFE, 0xFD, 0xFB, 0xF7, 0xEF, 0xDF, 0xBF};
  23          unsigned char buffer[2];
  24          
  25          void main()
  26          {
  27   1        while(1)
  28   1        {
  29   2          unsigned char i,j,k;
  30   2          for(j=0;j<=15;j++)
  31   2          {
  32   3            for(k=0;k<20;k++)
  33   3            {
  34   4              for(i=0;i<7;i++)
  35   4              {
  36   5                buffer[0] = Font5x7[j][i];
  37   5                buffer[1] = Col_Select[i];
  38   5                Xuat_Byte(buffer,2);
  39   5                Delay_ms(5);
  40   5              }
  41   4            }
  42   3          }
  43   2        }
  44   1      }


MODULE INFORMATION:   STATIC OVERLAYABLE
   CODE SIZE        =    110    ----
   CONSTANT SIZE    =    119    ----
   XDATA SIZE       =   ----    ----
   PDATA SIZE       =   ----    ----
   DATA SIZE        =      2       3
   IDATA SIZE       =   ----    ----
   BIT SIZE         =   ----    ----
C51 COMPILER V9.60.0.0   MAIN                                                              09/10/2022 06:16:05 PAGE 2   

END OF MODULE INFORMATION.


C51 COMPILATION COMPLETE.  0 WARNING(S),  0 ERROR(S)
