C51 COMPILER V9.60.0.0   MAIN                                                              10/11/2022 10:07:12 PAGE 1   


C51 COMPILER V9.60.0.0, COMPILATION OF MODULE MAIN
OBJECT MODULE PLACED IN .\Objects\main.obj
COMPILER INVOKED BY: C:\Keil_v5\C51\BIN\C51.EXE main.c OPTIMIZE(8,SPEED) BROWSE DEBUG OBJECTEXTEND PRINT(.\Listings\main
                    -.lst) TABS(2) OBJECT(.\Objects\main.obj)

line level    source

   1          #include "main.h"
   2          
   3          int cnt = 0, Count = 2; //Delay Count lan 50ms
   4          void main()
   5          {
   6   1        TMOD &= 0xF0;   //Xoa cai dat Timer 0
   7   1        TMOD |= 0x01;   //Cai dat Timer 0 mode 1
   8   1        
   9   1        TH0 = 0x3C;     //Crystal 12MHz => Xung cap cho Timer = 12MHz/12 = 1MHz => 1 chu ky xung = 1/1MHz = 1us
  10   1                        //De delay 50ms can 50ms/1us = 50000 chu ky xung
  11   1                        //=> Timer can dem nguoc tu 2^16 - 50000 = 0x3CB0 = THx TLx
  12   1        TL0 = 0xB0;
  13   1        
  14   1        EA = 1;         //Cho phep ngat toan cuc
  15   1        ET0 = 1;        //Cho phep ngat Timer 0
  16   1        TR0 = 1;        //Start Timer
  17   1        
  18   1        while(1)
  19   1        {
  20   2      
  21   2        }
  22   1      }
  23          
  24          void Timer0_Overflow() interrupt 1
  25          {
  26   1        TH0 = 0x3C;
  27   1        TL0 = 0xB0; //Nap lai gia tri cho thanh ghi Timer 0
  28   1        
  29   1        cnt++;
  30   1        if(cnt == Count)
  31   1        {
  32   2          cnt = 0;
  33   2          //Code
  34   2          
  35   2          P2_0 = !P2_0;
  36   2          
  37   2          //Code
  38   2        }
  39   1      }


MODULE INFORMATION:   STATIC OVERLAYABLE
   CODE SIZE        =     59    ----
   CONSTANT SIZE    =   ----    ----
   XDATA SIZE       =   ----    ----
   PDATA SIZE       =   ----    ----
   DATA SIZE        =      4    ----
   IDATA SIZE       =   ----    ----
   BIT SIZE         =   ----    ----
END OF MODULE INFORMATION.


C51 COMPILATION COMPLETE.  0 WARNING(S),  0 ERROR(S)
