C51 COMPILER V9.60.0.0   MAIN                                                              10/11/2022 11:26:50 PAGE 1   


C51 COMPILER V9.60.0.0, COMPILATION OF MODULE MAIN
OBJECT MODULE PLACED IN .\Objects\main.obj
COMPILER INVOKED BY: C:\Keil_v5\C51\BIN\C51.EXE main.c OPTIMIZE(8,SPEED) BROWSE DEBUG OBJECTEXTEND PRINT(.\Listings\main
                    -.lst) TABS(2) OBJECT(.\Objects\main.obj)

line level    source

   1          #include "main.h"
   2          
   3          
   4          void Delay_Timer2_s(unsigned int sec)
   5          {
   6   1        unsigned int i;
   7   1        TR2 = 1;    //Start Timer 2
   8   1        for(i=0;i<20*sec;i++)
   9   1        {
  10   2          while(!TF2);
  11   2          TF2 = 0;
  12   2        }
  13   1        TR2 = 0;
  14   1      }
  15          
  16          void main()
  17          {
  18   1        T2CON = 0x00;
  19   1        T2MOD = 0x00;
  20   1        
  21   1        RCAP2H = 0x3C;
  22   1        RCAP2L = 0xB0;
  23   1        
  24   1        TH2 = 0x3C;
  25   1        TL2 = 0xB0;
  26   1        while(1)
  27   1        {
  28   2          P2=~P2;
  29   2          Delay_Timer2_s(2);
  30   2        }
  31   1      }
  32          
  33          
  34          


MODULE INFORMATION:   STATIC OVERLAYABLE
   CODE SIZE        =     69    ----
   CONSTANT SIZE    =   ----    ----
   XDATA SIZE       =   ----    ----
   PDATA SIZE       =   ----    ----
   DATA SIZE        =   ----    ----
   IDATA SIZE       =   ----    ----
   BIT SIZE         =   ----    ----
END OF MODULE INFORMATION.


C51 COMPILATION COMPLETE.  0 WARNING(S),  0 ERROR(S)
