C51 COMPILER V9.60.0.0   MAIN                                                              09/08/2022 17:51:44 PAGE 1   


C51 COMPILER V9.60.0.0, COMPILATION OF MODULE MAIN
OBJECT MODULE PLACED IN .\Objects\main.obj
COMPILER INVOKED BY: C:\Keil_v5\C51\BIN\C51.EXE main.c OPTIMIZE(8,SPEED) BROWSE DEBUG OBJECTEXTEND PRINT(.\Listings\main
                    -.lst) TABS(2) OBJECT(.\Objects\main.obj)

line level    source

   1          #include "main.h"
   2          #include "..\Library\Delay.h"
   3          #include "..\Library\LCD 16x2.h"
   4          
   5          void main()
   6          {
   7   1        LCD_INIT();
   8   1        while(1)
   9   1        {
  10   2          LCD_CHAR_CL('q');
  11   2          Delay_ms(1000);
  12   2          LCD_SL(0,0);
  13   2          Delay_ms(1000);
  14   2          LCD_OUT_CL("QYT");
  15   2          Delay_ms(1000);
  16   2          LCD_CHAR_SL(1,15,'1');
  17   2          Delay_ms(1000);
  18   2          LCD_OUT_SL(1,2,"ET-E9");
  19   2          Delay_ms(1000);
  20   2          LCD_CMD(LCD_CLEAR);
  21   2          Delay_ms(1000);
  22   2      //    char ABC;
  23   2      //    for(ABC=0x20;ABC<=0xFF;ABC++)
  24   2      //    {
  25   2      //    LCD_CHAR_SL(0,0,ABC);
  26   2      //      Delay_ms(1000);
  27   2      //    }
  28   2        }
  29   1      }
  30          
  31          
  32          
  33          
  34          
  35          
  36          
  37          
  38          
  39          
  40          
  41          
  42          
  43          
  44          
  45          
  46          
  47          


MODULE INFORMATION:   STATIC OVERLAYABLE
   CODE SIZE        =     94    ----
   CONSTANT SIZE    =     10    ----
   XDATA SIZE       =   ----    ----
   PDATA SIZE       =   ----    ----
C51 COMPILER V9.60.0.0   MAIN                                                              09/08/2022 17:51:44 PAGE 2   

   DATA SIZE        =   ----    ----
   IDATA SIZE       =   ----    ----
   BIT SIZE         =   ----    ----
END OF MODULE INFORMATION.


C51 COMPILATION COMPLETE.  0 WARNING(S),  0 ERROR(S)
