C51 COMPILER V9.60.0.0   MAIN                                                              07/01/2022 08:44:22 PAGE 1   


C51 COMPILER V9.60.0.0, COMPILATION OF MODULE MAIN
OBJECT MODULE PLACED IN .\Objects\main.obj
COMPILER INVOKED BY: C:\Keil_v5\C51\BIN\C51.EXE main.c OPTIMIZE(8,SPEED) BROWSE DEBUG OBJECTEXTEND PRINT(.\Listings\main
                    -.lst) TABS(2) OBJECT(.\Objects\main.obj)

line level    source

   1          #include <../Library/Delay using TIMER.h>
   2          #define Delay_time 20
   3          void main()
   4          {
   5   1        unsigned int i,j;
   6   1        
   7   1        while(1)
   8   1        {
   9   2          if(P1_0==1)
  10   2          {
  11   3            P0=3;
  12   3            for(j=0;j<10;j++)
  13   3            {
  14   4              Delay_ms_Timer(Delay_time);
  15   4              if(P1_0==0)
  16   4                break;
  17   4            }
  18   3            for(i=1;i<=4;i++)
  19   3            {
  20   4              P0 <<= 2;
  21   4              for(j=0;j<10;j++)
  22   4            {
  23   5              Delay_ms_Timer(Delay_time);
  24   5              if(P1_0==0)
  25   5                break;
  26   5            }
  27   4          }
  28   3        }
  29   2          else
  30   2          {
  31   3            P0=0xAA;
  32   3            for(i=0;i<10;i++)
  33   3            {
  34   4              Delay_ms_Timer(Delay_time);
  35   4              if(P1_0==1)
  36   4                break;
  37   4            }
  38   3            for(i=1;i<=4;i++)
  39   3            {
  40   4              P0 =~P0;
  41   4              for(j=0;j<10;j++)
  42   4            {
  43   5              Delay_ms_Timer(Delay_time);
  44   5              if(P1_0==1)
  45   5                break;
  46   5            }
  47   4          }
  48   3        }
  49   2      }
  50   1      }


MODULE INFORMATION:   STATIC OVERLAYABLE
   CODE SIZE        =    205    ----
C51 COMPILER V9.60.0.0   MAIN                                                              07/01/2022 08:44:22 PAGE 2   

   CONSTANT SIZE    =   ----    ----
   XDATA SIZE       =   ----    ----
   PDATA SIZE       =   ----    ----
   DATA SIZE        =   ----       4
   IDATA SIZE       =   ----    ----
   BIT SIZE         =   ----    ----
END OF MODULE INFORMATION.


C51 COMPILATION COMPLETE.  0 WARNING(S),  0 ERROR(S)
