C51 COMPILER V9.60.0.0   DELAY_USING_TIMER                                                 07/01/2022 04:42:07 PAGE 1   


C51 COMPILER V9.60.0.0, COMPILATION OF MODULE DELAY_USING_TIMER
OBJECT MODULE PLACED IN .\Objects\Delay using TIMER.obj
COMPILER INVOKED BY: C:\Keil_v5\C51\BIN\C51.EXE ..\Library\Delay using TIMER.c OPTIMIZE(8,SPEED) BROWSE DEBUG OBJECTEXTE
                    -ND PRINT(.\Listings\Delay using TIMER.lst) TABS(2) OBJECT(.\Objects\Delay using TIMER.obj)

line level    source

   1          #include "Delay using TIMER.h"
   2          
   3          void Delay_ms_Timer(unsigned int t)
   4          {
   5   1        TMOD &= 0xF0; //Xoa cac bit dieu khien cua Timer0, giu mode Timer1
   6   1        TMOD |= 0x01; //Mode 1 cho Timer0
   7   1          while (t!=0)
   8   1        {
   9   2          TL0 = 0x27;
  10   2          TH0 = 0xfc;
  11   2          TR0 = 1;  //Start dem
  12   2          while(TF0!=1);
  13   2          TR0 = 0;  //Stop dem
  14   2          TF0 = 0;
  15   2          t--;
  16   2        }
  17   1      }


MODULE INFORMATION:   STATIC OVERLAYABLE
   CODE SIZE        =     33    ----
   CONSTANT SIZE    =   ----    ----
   XDATA SIZE       =   ----    ----
   PDATA SIZE       =   ----    ----
   DATA SIZE        =   ----    ----
   IDATA SIZE       =   ----    ----
   BIT SIZE         =   ----    ----
END OF MODULE INFORMATION.


C51 COMPILATION COMPLETE.  0 WARNING(S),  0 ERROR(S)
