C51 COMPILER V9.60.0.0   MAIN                                                              09/07/2022 18:40:06 PAGE 1   


C51 COMPILER V9.60.0.0, COMPILATION OF MODULE MAIN
OBJECT MODULE PLACED IN .\Objects\main.obj
COMPILER INVOKED BY: C:\Keil_v5\C51\BIN\C51.EXE main.c OPTIMIZE(8,SPEED) BROWSE DEBUG OBJECTEXTEND PRINT(.\Listings\main
                    -.lst) TABS(2) OBJECT(.\Objects\main.obj)

line level    source

   1          /*Neu can nhieu ngo ra, vdk khong dap ung duoc thi can
   2          su dung IC mo rong ngo ra nhu IC 74HC595
   3          Du lieu duoc dich noi tiep tu 1 chan cua vdk ra IC, sau do
   4          duoc xuat song song ra ben ngoai
   5          Can 3 chan: 1 chan du lieu, 2 chan dieu khien dich du lieu, xuat du lieu
   6          Co the ghep noi tiep nhieu IC 74HC595 de mo rong nhieu ngo ra hon nua
   7          ma van su dung chi 3 chan cua vdk, luu y, toc do du lieu se bi giam di*/
   8          //Sau day la chuong trinh dich 1 byte noi tiep sang IC 74HC595 duoi dang song song:
   9          
  10          //DS: nhan du lieu tu vdk
  11          //SH_CP: xung nhan du lieu noi tiep tu vdk
  12          //ST_CP: xuat song song du lieu ra
  13          //MR': chan reset (Noi Vcc)
  14          //OE': chan chon chip (Noi Gnd)
  15          
  16          #include "regx52.h"
  17          
  18          //Khai bao ket noi
  19          sbit IC_74HC595_ST_CP   = P2^0;
  20          sbit IC_74HC595_DS    = P2^1;
  21          sbit IC_74HC595_SH_CP   = P2^2;
  22          
  23          void Delay_ms(unsigned int t)
  24          {
  25   1        unsigned int x,y;
  26   1        for(x=0;x<t;x++)
  27   1        {
  28   2          for(y=0;y<123;y++);
  29   2        } 
  30   1      }
  31          void Xuat_Byte(unsigned char Data_Byte)
  32          {
  33   1        unsigned char i;
  34   1        for(i=0;i<8;i++)
  35   1        {
  36   2          //Chon bit thu i cua byte Data muon gui de xuat ra DS
  37   2          IC_74HC595_DS = Data_Byte & (0x80>>i);
  38   2          //  b0 b1 b2 b3 b4 b5 b6 b7
  39   2          //            &
  40   2          //  1  0  0  0  0  0  0  0 >> i
  41   2          
  42   2          //Nhan bit tu DS
  43   2          IC_74HC595_ST_CP = 0;
  44   2          //Tra lai xung 1 cua ST_CP, san sang nhan bit tiep theo
  45   2          IC_74HC595_ST_CP = 1;
  46   2        }
  47   1        //Xuat byte ra 74HC595
  48   1        IC_74HC595_SH_CP = 0;
  49   1        //Tra lai xung 1 cua SH_CP, san sang xuat byte tiep theo
  50   1        IC_74HC595_SH_CP = 1;
  51   1      }
  52          
  53          void main()
  54          {
C51 COMPILER V9.60.0.0   MAIN                                                              09/07/2022 18:40:06 PAGE 2   

  55   1        while(1)
  56   1        {
  57   2          unsigned char Test;
  58   2          for(Test = 0; Test < 0x10000; Test++)
  59   2          {
  60   3            Xuat_Byte(Test);
  61   3            Delay_ms(100);
  62   3          }
  63   2        }
  64   1      }


MODULE INFORMATION:   STATIC OVERLAYABLE
   CODE SIZE        =    122    ----
   CONSTANT SIZE    =   ----    ----
   XDATA SIZE       =   ----    ----
   PDATA SIZE       =   ----    ----
   DATA SIZE        =   ----       1
   IDATA SIZE       =   ----    ----
   BIT SIZE         =   ----    ----
END OF MODULE INFORMATION.


C51 COMPILATION COMPLETE.  0 WARNING(S),  0 ERROR(S)
