C51 COMPILER V9.60.0.0   MAIN                                                              09/10/2022 06:04:23 PAGE 1   


C51 COMPILER V9.60.0.0, COMPILATION OF MODULE MAIN
OBJECT MODULE PLACED IN .\Objects\main.obj
COMPILER INVOKED BY: C:\Keil_v5\C51\BIN\C51.EXE main.c OPTIMIZE(8,SPEED) BROWSE DEBUG OBJECTEXTEND PRINT(.\Listings\main
                    -.lst) TABS(2) OBJECT(.\Objects\main.obj)

line level    source

   1          #include "main.h"
   2          #include "..\Library\Delay.h"
   3          
   4          sbit IC74HC595_SH_CP = P2^0;
   5          sbit IC74HC595_DS    = P2^1;
   6          sbit IC74HC595_ST_CP = P2^2;
   7          unsigned char Data_Byte, i, j ;
   8          
   9          
  10          void Xuat_Byte(unsigned char *p, unsigned char So_Byte)
  11          //                Con tro p    ,  So byte muon truyen
  12          {
  13   1        for(i=0;i<So_Byte;i++)
  14   1        {
  15   2          Data_Byte = *(p+So_Byte-i-1); //Lay byte cao nhat truoc
  16   2          for(j=0;j<8;j++)
  17   2          {
  18   3            IC74HC595_DS = Data_Byte & (0x80>>j);
  19   3            IC74HC595_SH_CP = 0;
  20   3            IC74HC595_SH_CP = 1;
  21   3          }
  22   2        }
  23   1        IC74HC595_ST_CP = 0;
  24   1        IC74HC595_ST_CP = 1;
  25   1      }
  26          
  27          void main()
  28          {
  29   1        unsigned char buffer[2];
  30   1        buffer[0] = 0x10; //Byte 
  31   1        buffer[1] = 0x0A;
  32   1        Xuat_Byte(buffer,2);  
  33   1        while(1)
  34   1        {
  35   2        }
  36   1      }
  37          
  38          
  39          
  40          
  41          
  42          


MODULE INFORMATION:   STATIC OVERLAYABLE
   CODE SIZE        =    123    ----
   CONSTANT SIZE    =   ----    ----
   XDATA SIZE       =   ----    ----
   PDATA SIZE       =   ----    ----
   DATA SIZE        =      3       6
   IDATA SIZE       =   ----    ----
   BIT SIZE         =   ----    ----
END OF MODULE INFORMATION.


C51 COMPILATION COMPLETE.  0 WARNING(S),  0 ERROR(S)
