C51 COMPILER V9.60.0.0   MAIN                                                              09/07/2022 15:54:41 PAGE 1   


C51 COMPILER V9.60.0.0, COMPILATION OF MODULE MAIN
OBJECT MODULE PLACED IN .\Objects\main.obj
COMPILER INVOKED BY: C:\Keil_v5\C51\BIN\C51.EXE main.c OPTIMIZE(8,SPEED) BROWSE DEBUG OBJECTEXTEND PRINT(.\Listings\main
                    -.lst) TABS(2) OBJECT(.\Objects\main.obj)

line level    source

   1          #include "main.h"
   2          #include "..\Library\Delay.h"
   3          
   4          unsigned char code Code7Seg[] = {0x3F, 0x06, 0x5B, 0x4F, 0x66, 0x6D, 0x7D, 0x0F, 0x7F, 0x6F};
   5          #define LED_PORT P3
   6          sbit LED0_PIN = P2^0;
   7          sbit LED1_PIN = P2^1;
   8          void main()
   9          {
  10   1        while(1)
  11   1        {
  12   2          LED_PORT = Code7Seg[0];
  13   2          LED0_PIN = 0;
  14   2          Delay_ms(100);
  15   2          LED0_PIN = 1;
  16   2          LED_PORT = Code7Seg[1];
  17   2          LED1_PIN = 0;
  18   2          Delay_ms(100);
  19   2          LED1_PIN = 1;
  20   2        }
  21   1      }


MODULE INFORMATION:   STATIC OVERLAYABLE
   CODE SIZE        =     38    ----
   CONSTANT SIZE    =     10    ----
   XDATA SIZE       =   ----    ----
   PDATA SIZE       =   ----    ----
   DATA SIZE        =   ----    ----
   IDATA SIZE       =   ----    ----
   BIT SIZE         =   ----    ----
END OF MODULE INFORMATION.


C51 COMPILATION COMPLETE.  0 WARNING(S),  0 ERROR(S)
