C51 COMPILER V9.60.0.0   UART_MODE_1                                                       09/10/2022 00:29:26 PAGE 1   


C51 COMPILER V9.60.0.0, COMPILATION OF MODULE UART_MODE_1
OBJECT MODULE PLACED IN .\Objects\UART mode 1.obj
COMPILER INVOKED BY: C:\Keil_v5\C51\BIN\C51.EXE ..\Library\UART mode 1.c OPTIMIZE(8,SPEED) BROWSE DEBUG OBJECTEXTEND PRI
                    -NT(.\Listings\UART mode 1.lst) TABS(2) OBJECT(.\Objects\UART mode 1.obj)

line level    source

   1          /*
   2          UART la chuan truyen noi tiep khong dong bo, co kha nang truyen song cong
   3          UART trong 8051:
   4          TxD: Chan truyen      RxD: Chan nhan
   5          SBUF: Thanh ghi dem (address 0x99)
   6          SCON: Thanh ghi trang thai, dieu khien hoat dong truyen (address 0x98)
   7                              [SM0][SM1][SM2][REN] [TB8][RB8][TI][RI]
   8                
   9                 bit                                Mo ta                                             Dia chi
  10                [SM0]  bit 0 chon kieu truyen noi tiep                                                  0x9F
  11                [SM1]  bit 1 chon kieu truyen noi tiep                                                  0x9E
  12                [SM2]  bit cho phep truyen ket noi nhieu VXL o mode 2 va mode 3,                        0x9D
  13                       RI se khong tich cuc neu bit thu 9 nhan duoc la 0.
  14                [REN]  bit cho phep nhan ky tu. REN = 0 khong cho phep, REN = 1 cho phep nhan ky tu     0x9C
  15                [TB8]  Luu bit 9 de truyen di khi hoat dong o mode 2 va 3.                              0x9B
  16                       TB8 = 0 hay 1 la do nguoi lap trinh thiet lap
  17                [RB8]  Nhan bit 9 khi hoat dong o mode 2 va 3                                           0x9A
  18                [TI]   TI = 1 bao hieu truyen xong 1 ky tu. TI khong tu dong xoa,                       0x99
  19                       nguoi lap trinh tu xoa khi san sang truyen ky tu tiep theo
  20                [RI]   RI = 1 bao hieu nhan xong 1 ky tu. RI khong tu dong xoa,                         0x98
  21                       nguoi lap trinh tu xoa khi san sang nhan ky tu tiep theo
  22          
  23          Kieu truyen:
  24              [SM0] [SM1] Mode        Mo ta                   Baud                                                    Chuc nang
  25                0     0     0     Thanh ghi dich    Co dinh  (f_crystal/12)                   Mo rong ngo vao, ngo ra cho vxl                 (D
             -ong bo)
  26                0     1     1       UART 8 bit      Thay doi (duoc dat boi Timer)             Truyen nhan du lieu vxl <-> ngoai vi, vxl
             -,...  (Bat dong bo)
  27                1     0     2       UART 9 bit      Co dinh  (f_crystal/12 hoac f_crystal/64) Truyen nhan du lieu vxl <-> ngoai v
             -i, vxl,...  (Bat dong bo)
  28                1     1     3       UART 9 bit      Thay doi (duoc dat boi Timer)             Truyen nhan du lieu vxl <-> ngoai vi, vxl
             -,...  (Bat dong bo)
  29          
  30          Luu y: gui va nhan UART bit LSB truoc, lan luot toi bit MSB
  31          
  32          Mode 1: thu phat bat dong bo 8 bit, toc do baud thay doi boi Timer
  33          Khung truyen: [START] [DATA] [STOP]
  34                        1 bit   8 bit  1 bit
  35          Neu nhan du lieu, bit [STOP] se duoc luu vao bit [RB8] trong thanh ghi SCON
  36          Toc do Baud: thiet lap boi toc do tran cua Timer
  37          Nguon cung cap xung clock de dong bo cac thanh ghi truyen du lieu noi tiep Mode 1 2 3 duoc thiet lap boi b
             -o dem 16.
  38          Ngo ra cua bo dem la xung clock tao toc do baud, xung ngo vao co the lap trinh bang phan mem
  39                               - - - - - - - - - - - - - - -
  40                              |       Baud rate clock       |
  41                              | Serial port shift register  |
  42                               - - - - - - - - - - - - - - -
  43                                ^ ^ ^ ^
  44                                | | | |
  45                               - - - - -
  46          16 x baudrate - - ->|   /12   |
  47                               - - - - -
  48                              
  49          Khi 1 lenh ghi du lieu len thanh ghi SBUF thi qua trinh truyen bat dau nhung phai doi cho toi khi bo chia 
C51 COMPILER V9.60.0.0   UART_MODE_1                                                       09/10/2022 00:29:26 PAGE 2   

             -16 bi tran.
  50          Co phat TI = 1 cung thoi diem bit Stop xuat hien tren chan TXD
  51          
  52          Thiet lap toc do baud dung timer 1:
  53          Khoi tao thanh ghi TMOD tu dong nap 8 bit va dat gia tri nap lai vao thanh ghi TH1 cua Timer 1 de tao ra t
             -oc do tran chinh xac
  54          de thiet lap toc do baud. Thanh ghi TMOD duoc khoi tao de thiet lap toc do baud nhu sau:
  55                        TMOD = 0010xxxx
  56            Baud rate = timer 1 overflow rate/32
  57          VD: Toc do baud can truyen 1200, su dung thach anh 12MHz
  58          Toc do tran timer 1 = baud rate x 32 = 38.4KHz
  59          Xung cung cap cho Timer 1 = f_crystal/12 = 1MHz
  60            => So xung dem moi lan tran = Xung/Toc do tran = 1M/38.4K = 26.041667 ~ 26
  61            => Can nap TH1 = 256 - 26 hoac TH1 = -26
  62          
  63          Toc do baud     Tan so thach anh  SMOD(PCON.7)  Gia tri TH1     Toc do thuc   Sai so
  64              9600              12MHz           1         -7  (0xF9)          8923        7%
  65              2400              12MHz           0         -13 (0xF3)          2404       0.16%
  66              1200              12MHz           0         -26 (0xE6)          1202       ~0%
  67             19200          11.059MHz           1         -3  (0xFD)         19200        0%
  68              9600          11.059MHz           0         -3  (0xFD)          9600        0%
  69              2400          11.059MHz           0         -12 (0xF4)          2400        0%
  70              1200          11.059MHz           0         -24 (0xE8)          1200        0%
  71          
  72          
  73          */
  74          
  75          #include "main.h"
  76          #include "UART mode 1.h"
  77          
  78          void UART1_INIT(unsigned int BAUD_RATE)
  79          { 
  80   1        SM0 = 0; SM1 = 1;   // Chon UART mode 1
  81   1      
  82   1        TMOD &= 0x0F;            // 0010 xxxx - Timer1 hoat dong o che do 8bit tu dong nap lai
  83   1        TMOD |= 0x20;
  84   1        
  85   1      #if (FREQ_OSC == 11059200)
                if(BAUD_RATE==9600)
                {
                  TH1 = 0xFD;       // Toc do baud 9600
                  PCON&=0x7F;
                }
                else if(BAUD_RATE==2400)
                {
                  TH1 = 0xF4;
                  PCON&=0x7F;
                }
                else if(BAUD_RATE==1200)
                {
                  TH1 = 0xE8;
                  PCON&=0x7F;
                }
                else if(BAUD_RATE==19200)
                {
                  TH1 = 0xFD;
                  PCON|=0x80;
                }
                #elif (FREQ_OSC == 12000000)
 107   1        if(BAUD_RATE==9600)
 108   1        {
 109   2          TH1 = 0xF9;       // Toc do baud 9600
C51 COMPILER V9.60.0.0   UART_MODE_1                                                       09/10/2022 00:29:26 PAGE 3   

 110   2          PCON|=0x80;
 111   2        }
 112   1        else if(BAUD_RATE==2400)
 113   1        {
 114   2          TH1 = 0xF3;
 115   2          PCON&=0x7F;
 116   2        }
 117   1        else if(BAUD_RATE==1200)
 118   1        {
 119   2          TH1 = 0xE6;
 120   2          PCON&=0x7F;
 121   2        }
 122   1      #else
                #error "Chi su dung FREQ_OSC = 12000000 hoac 11059200"
              #endif
 125   1        
 126   1        TR1 = 1;        // Timer1 bat dau chay
 127   1        TI  = 1;          // San sang gui du lieu
 128   1        REN = 1;        // Cho phep nhan du lieu
 129   1      }
 130          
 131          void UART1_SET_BAUD_RATE(unsigned int BAUD_RATE)
 132          {
 133   1        //while(TI == 0 || REN == 0);
 134   1        #if (FREQ_OSC == 11059200)
                if(BAUD_RATE==9600)
                {
                  TH1 = 0xFD;       // Toc do baud 9600
                  PCON&=0x7F;
                }
                else if(BAUD_RATE==2400)
                {
                  TH1 = 0xF4;
                  PCON&=0x7F;
                }
                else if(BAUD_RATE==1200)
                {
                  TH1 = 0xE8;
                  PCON&=0x7F;
                }
                else if(BAUD_RATE==19200)
                {
                  TH1 = 0xFD;
                  PCON|=0x80;
                }
                #elif (FREQ_OSC == 12000000)
 156   1        if(BAUD_RATE==9600)
 157   1        {
 158   2          TH1 = 0xF9;       // Toc do baud 9600
 159   2          PCON|=0x80;
 160   2        }
 161   1        else if(BAUD_RATE==2400)
 162   1        {
 163   2          TH1 = 0xF3;
 164   2          PCON&=0x7F;
 165   2        }
 166   1        else if(BAUD_RATE==1200)
 167   1        {
 168   2          TH1 = 0xE6;
 169   2          PCON&=0x7F;
 170   2        }
 171   1      #endif
C51 COMPILER V9.60.0.0   UART_MODE_1                                                       09/10/2022 00:29:26 PAGE 4   

 172   1      }
 173            
 174          
 175          void UART1_Char(char c)
 176          {
 177   1        while(TI == 0);
 178   1        TI = 0;
 179   1        SBUF = c;
 180   1      }
 181          
 182          void UART1_Write(char * str)
 183          {
 184   1        unsigned char i = 0;
 185   1        while(str[i]!=0)
 186   1        {
 187   2          UART1_Char(str[i]);
 188   2          i++;
 189   2        }
 190   1      }
 191          
 192          char UART1_Data_Ready()
 193          {
 194   1        return RI;
 195   1      }
 196          
 197          char UART1_Read()
 198          {
 199   1        RI = 0;
 200   1        return SBUF;
 201   1      }


MODULE INFORMATION:   STATIC OVERLAYABLE
   CODE SIZE        =    147    ----
   CONSTANT SIZE    =   ----    ----
   XDATA SIZE       =   ----    ----
   PDATA SIZE       =   ----    ----
   DATA SIZE        =   ----       3
   IDATA SIZE       =   ----    ----
   BIT SIZE         =   ----    ----
END OF MODULE INFORMATION.


C51 COMPILATION COMPLETE.  0 WARNING(S),  0 ERROR(S)
